# JRE version: OpenJDK Runtime Environment (8.0_242-b01) (build 1.8.0_242-release-1644-b01)
# Java VM: OpenJDK 64-Bit Server VM (25.242-b01 mixed mode windows-amd64 compressed oops)
Heap:
 PSYoungGen      total 607744K, used 526187K [0x00000000d5580000, 0x0000000100000000, 0x0000000100000000)
  eden space 510976K, 96% used [0x00000000d5580000,0x00000000f361c6a8,0x00000000f4880000)
  from space 96768K, 35% used [0x00000000fa180000,0x00000000fc2be7a0,0x0000000100000000)
  to   space 91136K, 0% used [0x00000000f4880000,0x00000000f4880000,0x00000000fa180000)
 ParOldGen       total 510976K, used 148430K [0x0000000080000000, 0x000000009f300000, 0x00000000d5580000)
  object space 510976K, 29% used [0x0000000080000000,0x00000000890f3bd0,0x000000009f300000)
 Metaspace       used 179316K, capacity 191696K, committed 192000K, reserved 1216512K
  class space    used 23429K, capacity 25768K, committed 25856K, reserved 1048576K
GC Heap History (10 events):
Event: 1078.016 GC heap before
{Heap before GC invocations=33 (full 4):
 PSYoungGen      total 553472K, used 501899K [0x00000000d5580000, 0x00000000fbf80000, 0x0000000100000000)
  eden space 488448K, 100% used [0x00000000d5580000,0x00000000f3280000,0x00000000f3280000)
  from space 65024K, 20% used [0x00000000f8000000,0x00000000f8d22f08,0x00000000fbf80000)
  to   space 72192K, 0% used [0x00000000f3280000,0x00000000f3280000,0x00000000f7900000)
 ParOldGen       total 385536K, used 117824K [0x0000000080000000, 0x0000000097880000, 0x00000000d5580000)
  object space 385536K, 30% used [0x0000000080000000,0x0000000087310048,0x0000000097880000)
 Metaspace       used 123333K, capacity 132220K, committed 132352K, reserved 1163264K
  class space    used 15901K, capacity 17617K, committed 17664K, reserved 1048576K
Event: 1078.047 GC heap after
Heap after GC invocations=33 (full 4):
 PSYoungGen      total 560640K, used 25726K [0x00000000d5580000, 0x00000000fc800000, 0x0000000100000000)
  eden space 488448K, 0% used [0x00000000d5580000,0x00000000d5580000,0x00000000f3280000)
  from space 72192K, 35% used [0x00000000f3280000,0x00000000f4b9fbe8,0x00000000f7900000)
  to   space 67584K, 0% used [0x00000000f8600000,0x00000000f8600000,0x00000000fc800000)
 ParOldGen       total 385536K, used 117840K [0x0000000080000000, 0x0000000097880000, 0x00000000d5580000)
  object space 385536K, 30% used [0x0000000080000000,0x0000000087314048,0x0000000097880000)
 Metaspace       used 123333K, capacity 132220K, committed 132352K, reserved 1163264K
  class space    used 15901K, capacity 17617K, committed 17664K, reserved 1048576K
}
Event: 1083.591 GC heap before
{Heap before GC invocations=34 (full 4):
 PSYoungGen      total 560640K, used 514174K [0x00000000d5580000, 0x00000000fc800000, 0x0000000100000000)
  eden space 488448K, 100% used [0x00000000d5580000,0x00000000f3280000,0x00000000f3280000)
  from space 72192K, 35% used [0x00000000f3280000,0x00000000f4b9fbe8,0x00000000f7900000)
  to   space 67584K, 0% used [0x00000000f8600000,0x00000000f8600000,0x00000000fc800000)
 ParOldGen       total 385536K, used 117840K [0x0000000080000000, 0x0000000097880000, 0x00000000d5580000)
  object space 385536K, 30% used [0x0000000080000000,0x0000000087314048,0x0000000097880000)
 Metaspace       used 143859K, capacity 153464K, committed 153728K, reserved 1181696K
  class space    used 18724K, capacity 20597K, committed 20608K, reserved 1048576K
Event: 1083.629 GC heap after
Heap after GC invocations=34 (full 4):
 PSYoungGen      total 562688K, used 67553K [0x00000000d5580000, 0x00000000fe100000, 0x0000000100000000)
  eden space 495104K, 0% used [0x00000000d5580000,0x00000000d5580000,0x00000000f3900000)
  from space 67584K, 99% used [0x00000000f8600000,0x00000000fc7f8698,0x00000000fc800000)
  to   space 78848K, 0% used [0x00000000f3900000,0x00000000f3900000,0x00000000f8600000)
 ParOldGen       total 385536K, used 118609K [0x0000000080000000, 0x0000000097880000, 0x00000000d5580000)
  object space 385536K, 30% used [0x0000000080000000,0x00000000873d47b0,0x0000000097880000)
 Metaspace       used 143859K, capacity 153464K, committed 153728K, reserved 1181696K
  class space    used 18724K, capacity 20597K, committed 20608K, reserved 1048576K
}
Event: 1085.620 GC heap before
{Heap before GC invocations=35 (full 4):
 PSYoungGen      total 562688K, used 359956K [0x00000000d5580000, 0x00000000fe100000, 0x0000000100000000)
  eden space 495104K, 59% used [0x00000000d5580000,0x00000000e730c9d8,0x00000000f3900000)
  from space 67584K, 99% used [0x00000000f8600000,0x00000000fc7f8698,0x00000000fc800000)
  to   space 78848K, 0% used [0x00000000f3900000,0x00000000f3900000,0x00000000f8600000)
 ParOldGen       total 385536K, used 118609K [0x0000000080000000, 0x0000000097880000, 0x00000000d5580000)
  object space 385536K, 30% used [0x0000000080000000,0x00000000873d47b0,0x0000000097880000)
 Metaspace       used 152994K, capacity 164066K, committed 164160K, reserved 1191936K
  class space    used 20156K, capacity 22364K, committed 22400K, reserved 1048576K
Event: 1085.690 GC heap after
Heap after GC invocations=35 (full 4):
 PSYoungGen      total 573952K, used 78843K [0x00000000d5580000, 0x0000000100000000, 0x0000000100000000)
  eden space 495104K, 0% used [0x00000000d5580000,0x00000000d5580000,0x00000000f3900000)
  from space 78848K, 99% used [0x00000000f3900000,0x00000000f85fed70,0x00000000f8600000)
  to   space 96768K, 0% used [0x00000000fa180000,0x00000000fa180000,0x0000000100000000)
 ParOldGen       total 385536K, used 131578K [0x0000000080000000, 0x0000000097880000, 0x00000000d5580000)
  object space 385536K, 34% used [0x0000000080000000,0x000000008807e8e8,0x0000000097880000)
 Metaspace       used 152994K, capacity 164066K, committed 164160K, reserved 1191936K
  class space    used 20156K, capacity 22364K, committed 22400K, reserved 1048576K
}
Event: 1085.690 GC heap before
{Heap before GC invocations=36 (full 5):
 PSYoungGen      total 573952K, used 78843K [0x00000000d5580000, 0x0000000100000000, 0x0000000100000000)
  eden space 495104K, 0% used [0x00000000d5580000,0x00000000d5580000,0x00000000f3900000)
  from space 78848K, 99% used [0x00000000f3900000,0x00000000f85fed70,0x00000000f8600000)
  to   space 96768K, 0% used [0x00000000fa180000,0x00000000fa180000,0x0000000100000000)
 ParOldGen       total 385536K, used 131578K [0x0000000080000000, 0x0000000097880000, 0x00000000d5580000)
  object space 385536K, 34% used [0x0000000080000000,0x000000008807e8e8,0x0000000097880000)
 Metaspace       used 152994K, capacity 164066K, committed 164160K, reserved 1191936K
  class space    used 20156K, capacity 22364K, committed 22400K, reserved 1048576K
Event: 1086.232 GC heap after
Heap after GC invocations=36 (full 5):
 PSYoungGen      total 573952K, used 0K [0x00000000d5580000, 0x0000000100000000, 0x0000000100000000)
  eden space 495104K, 0% used [0x00000000d5580000,0x00000000d5580000,0x00000000f3900000)
  from space 78848K, 0% used [0x00000000f3900000,0x00000000f3900000,0x00000000f8600000)
  to   space 96768K, 0% used [0x00000000fa180000,0x00000000fa180000,0x0000000100000000)
 ParOldGen       total 510976K, used 148414K [0x0000000080000000, 0x000000009f300000, 0x00000000d5580000)
  object space 510976K, 29% used [0x0000000080000000,0x00000000890efbd0,0x000000009f300000)
 Metaspace       used 152222K, capacity 162304K, committed 164160K, reserved 1191936K
  class space    used 19879K, capacity 21845K, committed 22400K, reserved 1048576K
}
Event: 1567.608 GC heap before
{Heap before GC invocations=37 (full 5):
 PSYoungGen      total 573952K, used 495104K [0x00000000d5580000, 0x0000000100000000, 0x0000000100000000)
  eden space 495104K, 100% used [0x00000000d5580000,0x00000000f3900000,0x00000000f3900000)
  from space 78848K, 0% used [0x00000000f3900000,0x00000000f3900000,0x00000000f8600000)
  to   space 96768K, 0% used [0x00000000fa180000,0x00000000fa180000,0x0000000100000000)
 ParOldGen       total 510976K, used 148414K [0x0000000080000000, 0x000000009f300000, 0x00000000d5580000)
  object space 510976K, 29% used [0x0000000080000000,0x00000000890efbd0,0x000000009f300000)
 Metaspace       used 169590K, capacity 181280K, committed 181632K, reserved 1206272K
  class space    used 22114K, capacity 24343K, committed 24448K, reserved 1048576K
Event: 1567.636 GC heap after
Heap after GC invocations=37 (full 5):
 PSYoungGen      total 607744K, used 34041K [0x00000000d5580000, 0x0000000100000000, 0x0000000100000000)
  eden space 510976K, 0% used [0x00000000d5580000,0x00000000d5580000,0x00000000f4880000)
  from space 96768K, 35% used [0x00000000fa180000,0x00000000fc2be7a0,0x0000000100000000)
  to   space 91136K, 0% used [0x00000000f4880000,0x00000000f4880000,0x00000000fa180000)
 ParOldGen       total 510976K, used 148430K [0x0000000080000000, 0x000000009f300000, 0x00000000d5580000)
  object space 510976K, 29% used [0x0000000080000000,0x00000000890f3bd0,0x000000009f300000)
 Metaspace       used 169590K, capacity 181280K, committed 181632K, reserved 1206272K
  class space    used 22114K, capacity 24343K, committed 24448K, reserved 1048576K
}

