# JRE version: OpenJDK Runtime Environment (8.0_242-b01) (build 1.8.0_242-release-1644-b01)
# Java VM: OpenJDK 64-Bit Server VM (25.242-b01 mixed mode windows-amd64 compressed oops)
Heap:
 PSYoungGen      total 251392K, used 73618K [0x00000000d5580000, 0x00000000e9780000, 0x0000000100000000)
  eden space 237056K, 25% used [0x00000000d5580000,0x00000000d8f6c2c8,0x00000000e3d00000)
  from space 14336K, 99% used [0x00000000e3d00000,0x00000000e4af85c0,0x00000000e4b00000)
  to   space 20992K, 0% used [0x00000000e8300000,0x00000000e8300000,0x00000000e9780000)
 ParOldGen       total 104448K, used 43195K [0x0000000080000000, 0x0000000086600000, 0x00000000d5580000)
  object space 104448K, 41% used [0x0000000080000000,0x0000000082a2ed38,0x0000000086600000)
 Metaspace       used 71528K, capacity 75240K, committed 75520K, reserved 1114112K
  class space    used 9665K, capacity 10398K, committed 10496K, reserved 1048576K
GC Heap History (10 events):
Event: 4.402 GC heap before
{Heap before GC invocations=10 (full 2):
 PSYoungGen      total 139776K, used 125952K [0x00000000d5580000, 0x00000000e5980000, 0x0000000100000000)
  eden space 125952K, 100% used [0x00000000d5580000,0x00000000dd080000,0x00000000dd080000)
  from space 13824K, 0% used [0x00000000dd080000,0x00000000dd080000,0x00000000dde00000)
  to   space 13312K, 0% used [0x00000000e4c80000,0x00000000e4c80000,0x00000000e5980000)
 ParOldGen       total 104448K, used 14767K [0x0000000080000000, 0x0000000086600000, 0x00000000d5580000)
  object space 104448K, 14% used [0x0000000080000000,0x0000000080e6bd60,0x0000000086600000)
 Metaspace       used 40829K, capacity 42584K, committed 42752K, reserved 1085440K
  class space    used 5506K, capacity 5858K, committed 5888K, reserved 1048576K
Event: 4.411 GC heap after
Heap after GC invocations=10 (full 2):
 PSYoungGen      total 223232K, used 12752K [0x00000000d5580000, 0x00000000e5900000, 0x0000000100000000)
  eden space 210432K, 0% used [0x00000000d5580000,0x00000000d5580000,0x00000000e2300000)
  from space 12800K, 99% used [0x00000000e4c80000,0x00000000e58f4120,0x00000000e5900000)
  to   space 14336K, 0% used [0x00000000e3d00000,0x00000000e3d00000,0x00000000e4b00000)
 ParOldGen       total 104448K, used 14775K [0x0000000080000000, 0x0000000086600000, 0x00000000d5580000)
  object space 104448K, 14% used [0x0000000080000000,0x0000000080e6dd60,0x0000000086600000)
 Metaspace       used 40829K, capacity 42584K, committed 42752K, reserved 1085440K
  class space    used 5506K, capacity 5858K, committed 5888K, reserved 1048576K
}
Event: 6.370 GC heap before
{Heap before GC invocations=11 (full 2):
 PSYoungGen      total 223232K, used 223184K [0x00000000d5580000, 0x00000000e5900000, 0x0000000100000000)
  eden space 210432K, 100% used [0x00000000d5580000,0x00000000e2300000,0x00000000e2300000)
  from space 12800K, 99% used [0x00000000e4c80000,0x00000000e58f4120,0x00000000e5900000)
  to   space 14336K, 0% used [0x00000000e3d00000,0x00000000e3d00000,0x00000000e4b00000)
 ParOldGen       total 104448K, used 14775K [0x0000000080000000, 0x0000000086600000, 0x00000000d5580000)
  object space 104448K, 14% used [0x0000000080000000,0x0000000080e6dd60,0x0000000086600000)
 Metaspace       used 53647K, capacity 56018K, committed 56320K, reserved 1097728K
  class space    used 7089K, capacity 7573K, committed 7680K, reserved 1048576K
Event: 6.385 GC heap after
Heap after GC invocations=11 (full 2):
 PSYoungGen      total 251392K, used 14308K [0x00000000d5580000, 0x00000000e9780000, 0x0000000100000000)
  eden space 237056K, 0% used [0x00000000d5580000,0x00000000d5580000,0x00000000e3d00000)
  from space 14336K, 99% used [0x00000000e3d00000,0x00000000e4af9310,0x00000000e4b00000)
  to   space 20992K, 0% used [0x00000000e8300000,0x00000000e8300000,0x00000000e9780000)
 ParOldGen       total 104448K, used 26761K [0x0000000080000000, 0x0000000086600000, 0x00000000d5580000)
  object space 104448K, 25% used [0x0000000080000000,0x0000000081a227b0,0x0000000086600000)
 Metaspace       used 53647K, capacity 56018K, committed 56320K, reserved 1097728K
  class space    used 7089K, capacity 7573K, committed 7680K, reserved 1048576K
}
Event: 6.778 GC heap before
{Heap before GC invocations=12 (full 2):
 PSYoungGen      total 251392K, used 71095K [0x00000000d5580000, 0x00000000e9780000, 0x0000000100000000)
  eden space 237056K, 23% used [0x00000000d5580000,0x00000000d8cf4cc0,0x00000000e3d00000)
  from space 14336K, 99% used [0x00000000e3d00000,0x00000000e4af9310,0x00000000e4b00000)
  to   space 20992K, 0% used [0x00000000e8300000,0x00000000e8300000,0x00000000e9780000)
 ParOldGen       total 104448K, used 26761K [0x0000000080000000, 0x0000000086600000, 0x00000000d5580000)
  object space 104448K, 25% used [0x0000000080000000,0x0000000081a227b0,0x0000000086600000)
 Metaspace       used 56381K, capacity 58986K, committed 59096K, reserved 1099776K
  class space    used 7442K, capacity 8000K, committed 8064K, reserved 1048576K
Event: 6.790 GC heap after
Heap after GC invocations=12 (full 2):
 PSYoungGen      total 258048K, used 13342K [0x00000000d5580000, 0x00000000e9780000, 0x0000000100000000)
  eden space 237056K, 0% used [0x00000000d5580000,0x00000000d5580000,0x00000000e3d00000)
  from space 20992K, 63% used [0x00000000e8300000,0x00000000e90079b0,0x00000000e9780000)
  to   space 14336K, 0% used [0x00000000e3d00000,0x00000000e3d00000,0x00000000e4b00000)
 ParOldGen       total 104448K, used 33291K [0x0000000080000000, 0x0000000086600000, 0x00000000d5580000)
  object space 104448K, 31% used [0x0000000080000000,0x0000000082082ef0,0x0000000086600000)
 Metaspace       used 56381K, capacity 58986K, committed 59096K, reserved 1099776K
  class space    used 7442K, capacity 8000K, committed 8064K, reserved 1048576K
}
Event: 6.790 GC heap before
{Heap before GC invocations=13 (full 3):
 PSYoungGen      total 258048K, used 13342K [0x00000000d5580000, 0x00000000e9780000, 0x0000000100000000)
  eden space 237056K, 0% used [0x00000000d5580000,0x00000000d5580000,0x00000000e3d00000)
  from space 20992K, 63% used [0x00000000e8300000,0x00000000e90079b0,0x00000000e9780000)
  to   space 14336K, 0% used [0x00000000e3d00000,0x00000000e3d00000,0x00000000e4b00000)
 ParOldGen       total 104448K, used 33291K [0x0000000080000000, 0x0000000086600000, 0x00000000d5580000)
  object space 104448K, 31% used [0x0000000080000000,0x0000000082082ef0,0x0000000086600000)
 Metaspace       used 56381K, capacity 58986K, committed 59096K, reserved 1099776K
  class space    used 7442K, capacity 8000K, committed 8064K, reserved 1048576K
Event: 6.931 GC heap after
Heap after GC invocations=13 (full 3):
 PSYoungGen      total 258048K, used 0K [0x00000000d5580000, 0x00000000e9780000, 0x0000000100000000)
  eden space 237056K, 0% used [0x00000000d5580000,0x00000000d5580000,0x00000000e3d00000)
  from space 20992K, 0% used [0x00000000e8300000,0x00000000e8300000,0x00000000e9780000)
  to   space 14336K, 0% used [0x00000000e3d00000,0x00000000e3d00000,0x00000000e4b00000)
 ParOldGen       total 104448K, used 35536K [0x0000000080000000, 0x0000000086600000, 0x00000000d5580000)
  object space 104448K, 34% used [0x0000000080000000,0x00000000822b43b0,0x0000000086600000)
 Metaspace       used 56296K, capacity 58756K, committed 59096K, reserved 1099776K
  class space    used 7418K, capacity 7966K, committed 8064K, reserved 1048576K
}
Event: 8.558 GC heap before
{Heap before GC invocations=14 (full 3):
 PSYoungGen      total 258048K, used 237056K [0x00000000d5580000, 0x00000000e9780000, 0x0000000100000000)
  eden space 237056K, 100% used [0x00000000d5580000,0x00000000e3d00000,0x00000000e3d00000)
  from space 20992K, 0% used [0x00000000e8300000,0x00000000e8300000,0x00000000e9780000)
  to   space 14336K, 0% used [0x00000000e3d00000,0x00000000e3d00000,0x00000000e4b00000)
 ParOldGen       total 104448K, used 35536K [0x0000000080000000, 0x0000000086600000, 0x00000000d5580000)
  object space 104448K, 34% used [0x0000000080000000,0x00000000822b43b0,0x0000000086600000)
 Metaspace       used 69349K, capacity 72688K, committed 72832K, reserved 1112064K
  class space    used 9290K, capacity 10002K, committed 10112K, reserved 1048576K
Event: 8.570 GC heap after
Heap after GC invocations=14 (full 3):
 PSYoungGen      total 251392K, used 14305K [0x00000000d5580000, 0x00000000e9780000, 0x0000000100000000)
  eden space 237056K, 0% used [0x00000000d5580000,0x00000000d5580000,0x00000000e3d00000)
  from space 14336K, 99% used [0x00000000e3d00000,0x00000000e4af85c0,0x00000000e4b00000)
  to   space 20992K, 0% used [0x00000000e8300000,0x00000000e8300000,0x00000000e9780000)
 ParOldGen       total 104448K, used 43195K [0x0000000080000000, 0x0000000086600000, 0x00000000d5580000)
  object space 104448K, 41% used [0x0000000080000000,0x0000000082a2ed38,0x0000000086600000)
 Metaspace       used 69349K, capacity 72688K, committed 72832K, reserved 1112064K
  class space    used 9290K, capacity 10002K, committed 10112K, reserved 1048576K
}

